e:\github\deep-learning\main_app\output\debug\vc140.pdb
e:\github\deep-learning\main_app\output\debug\vc140.idb
e:\github\deep-learning\main_app\output\debug\user_mnist.obj
e:\github\deep-learning\main_app\output\debug\user_nn_app.obj
e:\github\deep-learning\main_app\output\debug\user_nn_bp.obj
e:\github\deep-learning\main_app\output\debug\user_nn_ffp.obj
e:\github\deep-learning\main_app\output\debug\user_nn_grads.obj
e:\github\deep-learning\main_app\output\debug\user_nn_layers.obj
e:\github\deep-learning\main_app\output\debug\user_nn_model.obj
e:\github\deep-learning\main_app\output\debug\user_nn_rw_model.obj
e:\github\deep-learning\main_app\output\debug\user_rnn_app.obj
e:\github\deep-learning\main_app\output\debug\user_rnn_bptt.obj
e:\github\deep-learning\main_app\output\debug\user_rnn_ffp.obj
e:\github\deep-learning\main_app\output\debug\user_rnn_grads.obj
e:\github\deep-learning\main_app\output\debug\user_rnn_layers.obj
e:\github\deep-learning\main_app\output\debug\user_rnn_model.obj
e:\github\deep-learning\main_app\output\debug\user_rnn_rw_model.obj
e:\github\deep-learning\main_app\output\debug\user_pca.obj
e:\github\deep-learning\main_app\output\debug\user_earth_movers_distance.obj
e:\github\deep-learning\main_app\output\debug\user_k_means.obj
e:\github\deep-learning\main_app\output\debug\user_w2c_app.obj
e:\github\deep-learning\main_app\output\debug\user_words_vector_pro.obj
e:\github\deep-learning\main_app\output\debug\user_cnn_app.obj
e:\github\deep-learning\main_app\output\debug\user_cnn_bp.obj
e:\github\deep-learning\main_app\output\debug\user_cnn_ffp.obj
e:\github\deep-learning\main_app\output\debug\user_cnn_grads.obj
e:\github\deep-learning\main_app\output\debug\user_cnn_layers.obj
e:\github\deep-learning\main_app\output\debug\user_cnn_matrix_cuda.obj
e:\github\deep-learning\main_app\output\debug\user_cnn_model.obj
e:\github\deep-learning\main_app\output\debug\user_cnn_rw_model.obj
e:\github\deep-learning\main_app\output\debug\main_app.obj
e:\github\deep-learning\main_app\output\debug\user_nn_activate.obj
e:\github\deep-learning\main_app\output\debug\user_nn_matrix.obj
e:\github\deep-learning\main_app\output\debug\user_nn_matrix_file.obj
e:\github\deep-learning\main_app\output\debug\main_app.ilk
e:\github\deep-learning\main_app\output\debug\main_app.exe
e:\github\deep-learning\main_app\output\debug\main_app.pdb
e:\github\deep-learning\main_app\output\debug\main_app.tlog\cl.command.1.tlog
e:\github\deep-learning\main_app\output\debug\main_app.tlog\cl.read.1.tlog
e:\github\deep-learning\main_app\output\debug\main_app.tlog\cl.write.1.tlog
e:\github\deep-learning\main_app\output\debug\main_app.tlog\link.command.1.tlog
e:\github\deep-learning\main_app\output\debug\main_app.tlog\link.read.1.tlog
e:\github\deep-learning\main_app\output\debug\main_app.tlog\link.write.1.tlog
