C:\Program Files (x86)\MSBuild\Microsoft.Cpp\v4.0\V140\Microsoft.CppBuild.targets(367,5): warning MSB8004: Intermediate Directory does not end with a trailing slash.  This build instance will add the slash as it is required to allow proper evaluation of the Intermediate Directory.
C:\Program Files (x86)\MSBuild\Microsoft.Cpp\v4.0\V140\Microsoft.CppBuild.targets(368,5): warning MSB8004: Output Directory does not end with a trailing slash.  This build instance will add the slash as it is required to allow proper evaluation of the Output Directory.
  user_cnn_app.cpp
d:\迅雷下载\main_app\main_app\cnn\../user_config.h(7): fatal error C1083: 无法打开包括文件: “opencv2/opencv.hpp”: No such file or directory
  user_cnn_bp.cpp
d:\迅雷下载\main_app\main_app\cnn\../user_config.h(7): fatal error C1083: 无法打开包括文件: “opencv2/opencv.hpp”: No such file or directory
  user_cnn_ffp.cpp
d:\迅雷下载\main_app\main_app\cnn\../user_config.h(7): fatal error C1083: 无法打开包括文件: “opencv2/opencv.hpp”: No such file or directory
  user_cnn_grads.cpp
d:\迅雷下载\main_app\main_app\cnn\../user_config.h(7): fatal error C1083: 无法打开包括文件: “opencv2/opencv.hpp”: No such file or directory
  user_cnn_layers.cpp
d:\迅雷下载\main_app\main_app\cnn\../user_config.h(7): fatal error C1083: 无法打开包括文件: “opencv2/opencv.hpp”: No such file or directory
  user_cnn_matrix_cuda.cpp
d:\迅雷下载\main_app\main_app\matrix\../user_config.h(7): fatal error C1083: 无法打开包括文件: “opencv2/opencv.hpp”: No such file or directory
  user_cnn_model.cpp
d:\迅雷下载\main_app\main_app\matrix\../user_config.h(7): fatal error C1083: 无法打开包括文件: “opencv2/opencv.hpp”: No such file or directory
  user_cnn_rw_model.cpp
d:\迅雷下载\main_app\main_app\cnn\../user_config.h(7): fatal error C1083: 无法打开包括文件: “opencv2/opencv.hpp”: No such file or directory
  main_app.cpp
d:\迅雷下载\main_app\main_app\user_config.h(7): fatal error C1083: 无法打开包括文件: “opencv2/opencv.hpp”: No such file or directory
  user_nn_activate.cpp
d:\迅雷下载\main_app\main_app\matrix\../user_config.h(7): fatal error C1083: 无法打开包括文件: “opencv2/opencv.hpp”: No such file or directory
  user_nn_matrix.cpp
d:\迅雷下载\main_app\main_app\matrix\../user_config.h(7): fatal error C1083: 无法打开包括文件: “opencv2/opencv.hpp”: No such file or directory
  user_nn_matrix_file.cpp
d:\迅雷下载\main_app\main_app\matrix\../user_config.h(7): fatal error C1083: 无法打开包括文件: “opencv2/opencv.hpp”: No such file or directory
  user_nn_app.cpp
d:\迅雷下载\main_app\main_app\nn\../user_config.h(7): fatal error C1083: 无法打开包括文件: “opencv2/opencv.hpp”: No such file or directory
  user_nn_bp.cpp
d:\迅雷下载\main_app\main_app\nn\../user_config.h(7): fatal error C1083: 无法打开包括文件: “opencv2/opencv.hpp”: No such file or directory
  user_nn_ffp.cpp
d:\迅雷下载\main_app\main_app\nn\../user_config.h(7): fatal error C1083: 无法打开包括文件: “opencv2/opencv.hpp”: No such file or directory
  user_nn_grads.cpp
d:\迅雷下载\main_app\main_app\nn\../user_config.h(7): fatal error C1083: 无法打开包括文件: “opencv2/opencv.hpp”: No such file or directory
  user_nn_layers.cpp
d:\迅雷下载\main_app\main_app\nn\../user_config.h(7): fatal error C1083: 无法打开包括文件: “opencv2/opencv.hpp”: No such file or directory
  user_nn_model.cpp
d:\迅雷下载\main_app\main_app\nn\../user_config.h(7): fatal error C1083: 无法打开包括文件: “opencv2/opencv.hpp”: No such file or directory
  user_nn_rw_model.cpp
d:\迅雷下载\main_app\main_app\nn\../user_config.h(7): fatal error C1083: 无法打开包括文件: “opencv2/opencv.hpp”: No such file or directory
  user_rnn_app.cpp
d:\迅雷下载\main_app\main_app\rnn\../user_config.h(7): fatal error C1083: 无法打开包括文件: “opencv2/opencv.hpp”: No such file or directory
  正在编译...
  user_rnn_bptt.cpp
d:\迅雷下载\main_app\main_app\rnn\../user_config.h(7): fatal error C1083: 无法打开包括文件: “opencv2/opencv.hpp”: No such file or directory
  user_rnn_ffp.cpp
d:\迅雷下载\main_app\main_app\rnn\../user_config.h(7): fatal error C1083: 无法打开包括文件: “opencv2/opencv.hpp”: No such file or directory
  user_rnn_grads.cpp
d:\迅雷下载\main_app\main_app\rnn\../user_config.h(7): fatal error C1083: 无法打开包括文件: “opencv2/opencv.hpp”: No such file or directory
  user_rnn_layers.cpp
d:\迅雷下载\main_app\main_app\rnn\../user_config.h(7): fatal error C1083: 无法打开包括文件: “opencv2/opencv.hpp”: No such file or directory
  user_rnn_model.cpp
d:\迅雷下载\main_app\main_app\rnn\../user_config.h(7): fatal error C1083: 无法打开包括文件: “opencv2/opencv.hpp”: No such file or directory
  user_rnn_rw_model.cpp
d:\迅雷下载\main_app\main_app\rnn\../user_config.h(7): fatal error C1083: 无法打开包括文件: “opencv2/opencv.hpp”: No such file or directory
  user_pca.cpp
d:\迅雷下载\main_app\main_app\matrix\../user_config.h(7): fatal error C1083: 无法打开包括文件: “opencv2/opencv.hpp”: No such file or directory
  user_earth_movers_distance.cpp
d:\迅雷下载\main_app\main_app\w2c\../user_config.h(7): fatal error C1083: 无法打开包括文件: “opencv2/opencv.hpp”: No such file or directory
  user_k_means.cpp
d:\迅雷下载\main_app\main_app\w2c\../user_config.h(7): fatal error C1083: 无法打开包括文件: “opencv2/opencv.hpp”: No such file or directory
  user_w2c_app.cpp
d:\迅雷下载\main_app\main_app\matrix\../user_config.h(7): fatal error C1083: 无法打开包括文件: “opencv2/opencv.hpp”: No such file or directory
  user_words_vector_pro.cpp
d:\迅雷下载\main_app\main_app\matrix\../user_config.h(7): fatal error C1083: 无法打开包括文件: “opencv2/opencv.hpp”: No such file or directory
